{"timestamp":"2026-02-27T21:05:12.620461Z","level":"info","event":"DAG bundles loaded: dags-folder, example_dags","logger":"airflow.dag_processing.bundles.manager.DagBundlesManager","filename":"manager.py","lineno":179}
{"timestamp":"2026-02-27T21:05:12.621116Z","level":"info","event":"Filling up the DagBag from /opt/airflow/dags/ah_pipeline.py","logger":"airflow.models.dagbag.BundleDagBag","filename":"dagbag.py","lineno":593}
{"timestamp":"2026-02-27T21:05:15.931384Z","level":"warning","event":"The `airflow.decorators.dag` attribute is deprecated. Please use `'airflow.sdk.dag'`.","category":"DeprecatedImportWarning","filename":"/opt/airflow/dags/ah_pipeline.py","lineno":4,"logger":"py.warnings"}
{"timestamp":"2026-02-27T21:05:15.931567Z","level":"warning","event":"The `airflow.operators.python.PythonOperator` attribute is deprecated. Please use `'airflow.providers.standard.operators.python.PythonOperator'`.","category":"DeprecatedImportWarning","filename":"/opt/airflow/dags/ah_pipeline.py","lineno":6,"logger":"py.warnings"}
{"timestamp":"2026-02-27T21:05:15.985025Z","level":"info","event":"Task instance is in running state","logger":"task.stdout"}
{"timestamp":"2026-02-27T21:05:15.985276Z","level":"info","event":" Previous state of the Task instance: TaskInstanceState.QUEUED","logger":"task.stdout"}
{"timestamp":"2026-02-27T21:05:15.985416Z","level":"info","event":"Current task name:load_to_bigquery","logger":"task.stdout"}
{"timestamp":"2026-02-27T21:05:15.985478Z","level":"info","event":"Dag name:ah_pipeline","logger":"task.stdout"}
{"timestamp":"2026-02-27T21:05:15.996310Z","level":"warning","event":"Connection schemes (type: google_cloud_platform) shall not contain '_' according to RFC3986.","logger":"airflow.sdk.definitions.connection","filename":"connection.py","lineno":130}
{"timestamp":"2026-02-27T21:05:15.999911Z","level":"info","event":"Using existing BigQuery table for storing data...","logger":"airflow.task.operators.airflow.providers.google.cloud.transfers.gcs_to_bigquery.GCSToBigQueryOperator","filename":"gcs_to_bigquery.py","lineno":397}
{"timestamp":"2026-02-27T21:05:16.000088Z","level":"info","event":"Getting connection using `google.auth.default()` since no explicit credentials are provided.","logger":"airflow.providers.google.cloud.utils.credentials_provider._CredentialProvider","filename":"credentials_provider.py","lineno":429}
{"timestamp":"2026-02-27T21:05:16.003756Z","level":"warning","event":"No project ID could be determined. Consider running `gcloud config set project` or setting the GOOGLE_CLOUD_PROJECT environment variable","logger":"google.auth._default","filename":"_default.py","lineno":744}
{"timestamp":"2026-02-27T21:05:16.003988Z","level":"error","event":"Task failed with exception","logger":"task","filename":"task_runner.py","lineno":1120,"error_detail":[{"exc_type":"AirflowException","exc_value":"Project ID could not be determined from default credentials. Please provide `key_secret_project_id` parameter.","exc_notes":[],"syntax_error":null,"is_cause":false,"frames":[{"filename":"/home/airflow/.local/lib/python3.12/site-packages/airflow/sdk/execution_time/task_runner.py","lineno":1068,"name":"run"},{"filename":"/home/airflow/.local/lib/python3.12/site-packages/airflow/sdk/execution_time/task_runner.py","lineno":1477,"name":"_execute_task"},{"filename":"/home/airflow/.local/lib/python3.12/site-packages/airflow/sdk/bases/operator.py","lineno":417,"name":"wrapper"},{"filename":"/home/airflow/.local/lib/python3.12/site-packages/airflow/providers/google/cloud/transfers/gcs_to_bigquery.py","lineno":398,"name":"execute"},{"filename":"/home/airflow/.local/lib/python3.12/site-packages/airflow/providers/google/cloud/transfers/gcs_to_bigquery.py","lineno":606,"name":"_use_existing_table"},{"filename":"/home/airflow/.local/lib/python3.12/site-packages/airflow/providers/google/common/hooks/base_google.py","lineno":436,"name":"project_id"},{"filename":"/home/airflow/.local/lib/python3.12/site-packages/airflow/providers/google/common/hooks/base_google.py","lineno":329,"name":"get_credentials_and_project_id"},{"filename":"/home/airflow/.local/lib/python3.12/site-packages/airflow/providers/google/cloud/utils/credentials_provider.py","lineno":438,"name":"get_credentials_and_project_id"},{"filename":"/home/airflow/.local/lib/python3.12/site-packages/airflow/providers/google/cloud/utils/credentials_provider.py","lineno":277,"name":"get_credentials_and_project"},{"filename":"/home/airflow/.local/lib/python3.12/site-packages/airflow/providers/google/cloud/utils/credentials_provider.py","lineno":421,"name":"_get_credentials_using_adc"}],"is_group":false,"exceptions":[]}]}
{"timestamp":"2026-02-27T21:05:16.033986Z","level":"warning","event":"No XCom value found; defaulting to None.","key":"bigquery_table","dag_id":"ah_pipeline","task_id":"load_to_bigquery","run_id":"scheduled__2026-02-27T21:00:00+00:00","map_index":-1,"logger":"task","filename":"xcom.py","lineno":264}
{"timestamp":"2026-02-27T21:05:16.044608Z","level":"warning","event":"No XCom value found; defaulting to None.","key":"bigquery_table","dag_id":"ah_pipeline","task_id":"load_to_bigquery","run_id":"scheduled__2026-02-27T21:00:00+00:00","map_index":-1,"logger":"task","filename":"xcom.py","lineno":264}
{"timestamp":"2026-02-27T21:05:16.056054Z","level":"info","event":"Task instance in failure state","logger":"task.stdout"}
{"timestamp":"2026-02-27T21:05:16.056350Z","level":"info","event":"Task start","logger":"task.stdout"}
{"timestamp":"2026-02-27T21:05:16.056417Z","level":"info","event":"Task:<Task(GCSToBigQueryOperator): load_to_bigquery>","logger":"task.stdout"}
{"timestamp":"2026-02-27T21:05:16.056467Z","level":"info","event":"Failure caused by Project ID could not be determined from default credentials. Please provide `key_secret_project_id` parameter.","logger":"task.stdout"}
{"timestamp":"2026-02-27T22:05:00.854657Z","level":"info","event":"DAG bundles loaded: dags-folder, example_dags","logger":"airflow.dag_processing.bundles.manager.DagBundlesManager","filename":"manager.py","lineno":179}
{"timestamp":"2026-02-27T22:05:00.855454Z","level":"info","event":"Filling up the DagBag from /opt/airflow/dags/ah_pipeline.py","logger":"airflow.models.dagbag.BundleDagBag","filename":"dagbag.py","lineno":593}
{"timestamp":"2026-02-27T22:05:05.019106Z","level":"warning","event":"The `airflow.decorators.dag` attribute is deprecated. Please use `'airflow.sdk.dag'`.","category":"DeprecatedImportWarning","filename":"/opt/airflow/dags/ah_pipeline.py","lineno":4,"logger":"py.warnings"}
{"timestamp":"2026-02-27T22:05:05.019306Z","level":"warning","event":"The `airflow.operators.python.PythonOperator` attribute is deprecated. Please use `'airflow.providers.standard.operators.python.PythonOperator'`.","category":"DeprecatedImportWarning","filename":"/opt/airflow/dags/ah_pipeline.py","lineno":6,"logger":"py.warnings"}
{"timestamp":"2026-02-27T22:05:05.164969Z","level":"info","event":"Task instance is in running state","logger":"task.stdout"}
{"timestamp":"2026-02-27T22:05:05.165190Z","level":"info","event":" Previous state of the Task instance: TaskInstanceState.QUEUED","logger":"task.stdout"}
{"timestamp":"2026-02-27T22:05:05.165362Z","level":"info","event":"Current task name:load_to_bigquery","logger":"task.stdout"}
{"timestamp":"2026-02-27T22:05:05.165437Z","level":"info","event":"Dag name:ah_pipeline","logger":"task.stdout"}
{"timestamp":"2026-02-27T22:05:05.187392Z","level":"warning","event":"Connection schemes (type: google_cloud_platform) shall not contain '_' according to RFC3986.","logger":"airflow.sdk.definitions.connection","filename":"connection.py","lineno":130}
{"timestamp":"2026-02-27T22:05:05.192872Z","level":"info","event":"Using existing BigQuery table for storing data...","logger":"airflow.task.operators.airflow.providers.google.cloud.transfers.gcs_to_bigquery.GCSToBigQueryOperator","filename":"gcs_to_bigquery.py","lineno":397}
{"timestamp":"2026-02-27T22:05:05.193115Z","level":"info","event":"Getting connection using `google.auth.default()` since no explicit credentials are provided.","logger":"airflow.providers.google.cloud.utils.credentials_provider._CredentialProvider","filename":"credentials_provider.py","lineno":429}
{"timestamp":"2026-02-27T22:05:05.197993Z","level":"info","event":"Executing: {'load': {'autodetect': True, 'createDisposition': 'CREATE_IF_NEEDED', 'destinationTable': {'projectId': 'project-f929cf6e-3eec-4c5c-85a', 'datasetId': 'tsm_ah_data', 'tableId': 'raw_data'}, 'sourceFormat': 'NEWLINE_DELIMITED_JSON', 'sourceUris': ['gs://dreamscythe-ah/ah_snapshots/2026-02-27T21:59:50Z.ndjson'], 'writeDisposition': 'WRITE_APPEND', 'ignoreUnknownValues': False}}","logger":"airflow.task.operators.airflow.providers.google.cloud.transfers.gcs_to_bigquery.GCSToBigQueryOperator","filename":"gcs_to_bigquery.py","lineno":401}
{"timestamp":"2026-02-27T22:05:05.198421Z","level":"info","event":"Inserting job airflow_ah_pipeline_load_to_bigquery_2026_02_27T21_59_39_184940_00_00_7180b44502dcf751191103bee4881858","logger":"airflow.task.hooks.airflow.providers.google.cloud.hooks.bigquery.BigQueryHook","filename":"bigquery.py","lineno":1297}
{"timestamp":"2026-02-27T22:05:10.940496Z","level":"info","event":"Task instance in success state","logger":"task.stdout"}
{"timestamp":"2026-02-27T22:05:10.940728Z","level":"info","event":" Previous state of the Task instance: TaskInstanceState.RUNNING","logger":"task.stdout"}
{"timestamp":"2026-02-27T22:05:10.940901Z","level":"info","event":"Task operator:<Task(GCSToBigQueryOperator): load_to_bigquery>","logger":"task.stdout"}
