{"timestamp":"2026-02-27T22:00:01.332613Z","level":"info","event":"DAG bundles loaded: dags-folder, example_dags","logger":"airflow.dag_processing.bundles.manager.DagBundlesManager","filename":"manager.py","lineno":179}
{"timestamp":"2026-02-27T22:00:01.333386Z","level":"info","event":"Filling up the DagBag from /opt/airflow/dags/ah_pipeline.py","logger":"airflow.models.dagbag.BundleDagBag","filename":"dagbag.py","lineno":593}
{"timestamp":"2026-02-27T22:00:06.173136Z","level":"warning","event":"The `airflow.decorators.dag` attribute is deprecated. Please use `'airflow.sdk.dag'`.","category":"DeprecatedImportWarning","filename":"/opt/airflow/dags/ah_pipeline.py","lineno":4,"logger":"py.warnings"}
{"timestamp":"2026-02-27T22:00:06.173513Z","level":"warning","event":"The `airflow.operators.python.PythonOperator` attribute is deprecated. Please use `'airflow.providers.standard.operators.python.PythonOperator'`.","category":"DeprecatedImportWarning","filename":"/opt/airflow/dags/ah_pipeline.py","lineno":6,"logger":"py.warnings"}
{"timestamp":"2026-02-27T22:00:06.206215Z","level":"info","event":"Task instance is in running state","logger":"task.stdout"}
{"timestamp":"2026-02-27T22:00:06.206474Z","level":"info","event":" Previous state of the Task instance: TaskInstanceState.QUEUED","logger":"task.stdout"}
{"timestamp":"2026-02-27T22:00:06.206656Z","level":"info","event":"Current task name:fetch_tsm_data","logger":"task.stdout"}
{"timestamp":"2026-02-27T22:00:06.206742Z","level":"info","event":"Dag name:ah_pipeline","logger":"task.stdout"}
{"timestamp":"2026-02-27T22:00:06.209139Z","level":"info","event":"[2026-02-27T22:00:06Z] Starting fetch...","logger":"task.stdout"}
{"timestamp":"2026-02-27T22:00:06.209414Z","level":"info","event":"Getting access token...","logger":"task.stdout"}
{"timestamp":"2026-02-27T22:00:06.209506Z","level":"info","event":"Using key: 'bd226bdf-ef39-4bbe-9202-df52f5aa0c51'","logger":"task.stdout"}
{"timestamp":"2026-02-27T22:00:06.536339Z","level":"info","event":"Fetching AH data...","logger":"task.stdout"}
{"timestamp":"2026-02-27T22:00:07.401154Z","level":"info","event":"Got 8664 items","logger":"task.stdout"}
{"timestamp":"2026-02-27T22:00:07.401356Z","level":"info","event":"Uploading to GCS...","logger":"task.stdout"}
{"timestamp":"2026-02-27T22:00:07.919970Z","level":"info","event":"Uploaded 8664 items to gs://dreamscythe-ah/ah_snapshots/2026-02-27T22:00:06Z.ndjson","logger":"task.stdout"}
{"timestamp":"2026-02-27T22:00:07.920370Z","level":"info","event":"Done!","logger":"task.stdout"}
{"timestamp":"2026-02-27T22:00:07.923486Z","level":"info","event":"Done. Returned value was: ah_snapshots/2026-02-27T22:00:06Z.ndjson","logger":"airflow.task.operators.airflow.providers.standard.operators.python.PythonOperator","filename":"python.py","lineno":230}
{"timestamp":"2026-02-27T22:00:07.923893Z","level":"info","event":"Pushing xcom","ti":"RuntimeTaskInstance(id=UUID('019ca11d-a5ff-71bc-a129-0abb7458068f'), task_id='fetch_tsm_data', dag_id='ah_pipeline', run_id='scheduled__2026-02-27T22:00:00+00:00', try_number=1, dag_version_id=UUID('019ca11c-df1e-789e-b818-c0d1e9ec8259'), map_index=-1, hostname='2d09a716fb38', context_carrier={}, task=<Task(PythonOperator): fetch_tsm_data>, bundle_instance=LocalDagBundle(name=dags-folder), max_tries=3, start_date=datetime.datetime(2026, 2, 27, 22, 0, 0, 894296, tzinfo=datetime.timezone.utc), end_date=None, state=<TaskInstanceState.RUNNING: 'running'>, is_mapped=False, rendered_map_index=None)","logger":"task","filename":"task_runner.py","lineno":1522}
{"timestamp":"2026-02-27T22:00:07.955346Z","level":"info","event":"Task instance in success state","logger":"task.stdout"}
{"timestamp":"2026-02-27T22:00:07.955608Z","level":"info","event":" Previous state of the Task instance: TaskInstanceState.RUNNING","logger":"task.stdout"}
{"timestamp":"2026-02-27T22:00:07.955827Z","level":"info","event":"Task operator:<Task(PythonOperator): fetch_tsm_data>","logger":"task.stdout"}
