{"timestamp":"2026-02-27T20:48:24.446186Z","level":"info","event":"DAG bundles loaded: dags-folder, example_dags","logger":"airflow.dag_processing.bundles.manager.DagBundlesManager","filename":"manager.py","lineno":179}
{"timestamp":"2026-02-27T20:48:24.447609Z","level":"info","event":"Filling up the DagBag from /opt/airflow/dags/ah_pipeline.py","logger":"airflow.models.dagbag.BundleDagBag","filename":"dagbag.py","lineno":593}
{"timestamp":"2026-02-27T20:48:29.345075Z","level":"warning","event":"The `airflow.decorators.dag` attribute is deprecated. Please use `'airflow.sdk.dag'`.","category":"DeprecatedImportWarning","filename":"/opt/airflow/dags/ah_pipeline.py","lineno":4,"logger":"py.warnings"}
{"timestamp":"2026-02-27T20:48:29.345250Z","level":"warning","event":"The `airflow.operators.python.PythonOperator` attribute is deprecated. Please use `'airflow.providers.standard.operators.python.PythonOperator'`.","category":"DeprecatedImportWarning","filename":"/opt/airflow/dags/ah_pipeline.py","lineno":6,"logger":"py.warnings"}
{"timestamp":"2026-02-27T20:48:29.372449Z","level":"info","event":"Task instance is in running state","logger":"task.stdout"}
{"timestamp":"2026-02-27T20:48:29.372666Z","level":"info","event":" Previous state of the Task instance: TaskInstanceState.QUEUED","logger":"task.stdout"}
{"timestamp":"2026-02-27T20:48:29.372808Z","level":"info","event":"Current task name:fetch_tsm_data","logger":"task.stdout"}
{"timestamp":"2026-02-27T20:48:29.372879Z","level":"info","event":"Dag name:ah_pipeline","logger":"task.stdout"}
{"timestamp":"2026-02-27T20:48:29.375640Z","level":"info","event":"[2026-02-27T20:48:29Z] Starting fetch...","logger":"task.stdout"}
{"timestamp":"2026-02-27T20:48:29.381273Z","level":"info","event":"Getting access token...","logger":"task.stdout"}
{"timestamp":"2026-02-27T20:48:29.381405Z","level":"info","event":"Using key: 'bd226bdf-ef39-4bbe-9202-df52f5aa0c51'","logger":"task.stdout"}
{"timestamp":"2026-02-27T20:48:29.772543Z","level":"info","event":"Fetching AH data...","logger":"task.stdout"}
{"timestamp":"2026-02-27T20:48:31.831665Z","level":"info","event":"Got 8662 items","logger":"task.stdout"}
{"timestamp":"2026-02-27T20:48:31.831987Z","level":"info","event":"Uploading to GCS...","logger":"task.stdout"}
{"timestamp":"2026-02-27T20:48:31.837103Z","level":"warning","event":"No project ID could be determined. Consider running `gcloud config set project` or setting the GOOGLE_CLOUD_PROJECT environment variable","logger":"google.auth._default","filename":"_default.py","lineno":744}
{"timestamp":"2026-02-27T20:48:32.458679Z","level":"info","event":"Uploaded 8662 items to gs://dreamscythe-ah/ah_snapshots/2026-02-27T20:48:29Z.ndjson","logger":"task.stdout"}
{"timestamp":"2026-02-27T20:48:32.459622Z","level":"info","event":"Done!","logger":"task.stdout"}
{"timestamp":"2026-02-27T20:48:32.464450Z","level":"info","event":"Done. Returned value was: None","logger":"airflow.task.operators.airflow.providers.standard.operators.python.PythonOperator","filename":"python.py","lineno":230}
{"timestamp":"2026-02-27T20:48:32.490782Z","level":"info","event":"Task instance in success state","logger":"task.stdout"}
{"timestamp":"2026-02-27T20:48:32.491034Z","level":"info","event":" Previous state of the Task instance: TaskInstanceState.RUNNING","logger":"task.stdout"}
{"timestamp":"2026-02-27T20:48:32.491263Z","level":"info","event":"Task operator:<Task(PythonOperator): fetch_tsm_data>","logger":"task.stdout"}
