{"timestamp":"2026-02-27T19:00:00.923033Z","level":"info","event":"DAG bundles loaded: dags-folder, example_dags","logger":"airflow.dag_processing.bundles.manager.DagBundlesManager","filename":"manager.py","lineno":179}
{"timestamp":"2026-02-27T19:00:00.923792Z","level":"info","event":"Filling up the DagBag from /opt/airflow/dags/ah_pipeline.py","logger":"airflow.models.dagbag.BundleDagBag","filename":"dagbag.py","lineno":593}
{"timestamp":"2026-02-27T19:00:04.909346Z","level":"warning","event":"The `airflow.decorators.dag` attribute is deprecated. Please use `'airflow.sdk.dag'`.","category":"DeprecatedImportWarning","filename":"/opt/airflow/dags/ah_pipeline.py","lineno":4,"logger":"py.warnings"}
{"timestamp":"2026-02-27T19:00:04.909497Z","level":"warning","event":"The `airflow.operators.python.PythonOperator` attribute is deprecated. Please use `'airflow.providers.standard.operators.python.PythonOperator'`.","category":"DeprecatedImportWarning","filename":"/opt/airflow/dags/ah_pipeline.py","lineno":6,"logger":"py.warnings"}
{"timestamp":"2026-02-27T19:00:04.932129Z","level":"info","event":"Task instance is in running state","logger":"task.stdout"}
{"timestamp":"2026-02-27T19:00:04.932381Z","level":"info","event":" Previous state of the Task instance: TaskInstanceState.QUEUED","logger":"task.stdout"}
{"timestamp":"2026-02-27T19:00:04.932533Z","level":"info","event":"Current task name:fetch_tsm_data","logger":"task.stdout"}
{"timestamp":"2026-02-27T19:00:04.932617Z","level":"info","event":"Dag name:ah_pipeline","logger":"task.stdout"}
{"timestamp":"2026-02-27T19:00:04.935045Z","level":"info","event":"[2026-02-27T19:00:04Z] Starting fetch...","logger":"task.stdout"}
{"timestamp":"2026-02-27T19:00:04.935282Z","level":"info","event":"Getting access token...","logger":"task.stdout"}
{"timestamp":"2026-02-27T19:00:04.935412Z","level":"info","event":"Using key: 'bd226bdf-ef39-4bbe-9202-df52f5aa0c51'","logger":"task.stdout"}
{"timestamp":"2026-02-27T19:00:05.308425Z","level":"info","event":"Fetching AH data...","logger":"task.stdout"}
{"timestamp":"2026-02-27T19:00:06.776281Z","level":"info","event":"Got 8663 items","logger":"task.stdout"}
{"timestamp":"2026-02-27T19:00:06.776496Z","level":"info","event":"Uploading to GCS...","logger":"task.stdout"}
{"timestamp":"2026-02-27T19:00:06.781515Z","level":"warning","event":"No project ID could be determined. Consider running `gcloud config set project` or setting the GOOGLE_CLOUD_PROJECT environment variable","logger":"google.auth._default","filename":"_default.py","lineno":744}
{"timestamp":"2026-02-27T19:00:07.652451Z","level":"info","event":"Uploaded 8663 items to gs://dreamscythe-ah/ah_snapshots/2026-02-27T19:00:04Z.ndjson","logger":"task.stdout"}
{"timestamp":"2026-02-27T19:00:07.653100Z","level":"info","event":"Done!","logger":"task.stdout"}
{"timestamp":"2026-02-27T19:00:07.655547Z","level":"info","event":"Done. Returned value was: None","logger":"airflow.task.operators.airflow.providers.standard.operators.python.PythonOperator","filename":"python.py","lineno":230}
{"timestamp":"2026-02-27T19:00:07.675722Z","level":"info","event":"Task instance in success state","logger":"task.stdout"}
{"timestamp":"2026-02-27T19:00:07.675890Z","level":"info","event":" Previous state of the Task instance: TaskInstanceState.RUNNING","logger":"task.stdout"}
{"timestamp":"2026-02-27T19:00:07.676166Z","level":"info","event":"Task operator:<Task(PythonOperator): fetch_tsm_data>","logger":"task.stdout"}
